[19:26:16] [Server console handler/ERROR]: Exception handling console input
java.io.IOException: Descripteur non valide
	at java.io.FileInputStream.readBytes(Native Method) ~[?:1.8.0_144]
	at java.io.FileInputStream.read(Unknown Source) ~[?:1.8.0_144]
	at java.io.BufferedInputStream.read1(Unknown Source) ~[?:1.8.0_144]
	at java.io.BufferedInputStream.read(Unknown Source) ~[?:1.8.0_144]
	at sun.nio.cs.StreamDecoder.readBytes(Unknown Source) ~[?:1.8.0_144]
	at sun.nio.cs.StreamDecoder.implRead(Unknown Source) ~[?:1.8.0_144]
	at sun.nio.cs.StreamDecoder.read(Unknown Source) ~[?:1.8.0_144]
	at java.io.InputStreamReader.read(Unknown Source) ~[?:1.8.0_144]
	at java.io.BufferedReader.fill(Unknown Source) ~[?:1.8.0_144]
	at java.io.BufferedReader.readLine(Unknown Source) ~[?:1.8.0_144]
	at java.io.BufferedReader.readLine(Unknown Source) ~[?:1.8.0_144]
	at nx$2.run(SourceFile:97) [server.jar:?]
[19:26:16] [Server thread/INFO]: Loading properties
[19:26:16] [Server thread/INFO]: Default game type: SURVIVAL
[19:26:16] [Server thread/INFO]: Generating keypair
[19:26:16] [Server thread/INFO]: Starting Minecraft server on *:25565
[19:26:16] [Server thread/INFO]: Using default channel type
[19:26:17] [Server thread/INFO]: Preparing level "world"
[19:26:17] [Server thread/INFO]: Loaded 488 advancements
[19:26:17] [Server thread/INFO]: Preparing start region for level 0
[19:26:18] [Server thread/INFO]: Preparing spawn area: 29%
[19:26:19] [Server thread/INFO]: Done (2,508s)! For help, type "help" or "?"
[19:28:44] [Server thread/INFO]: Stopping the server
[19:28:44] [Server thread/INFO]: Stopping server
[19:28:44] [Server thread/INFO]: Saving players
[19:28:44] [Server thread/INFO]: Saving worlds
[19:28:44] [Server thread/INFO]: Saving chunks for level 'world'/overworld
[19:28:44] [Server thread/INFO]: Saving chunks for level 'world'/the_nether
[19:28:44] [Server thread/INFO]: Saving chunks for level 'world'/the_end
[19:28:44] [Server Shutdown Thread/INFO]: Stopping server
